<?xml version="1.0" encoding="UTF-8"?>
<testsuites name="jest tests" tests="13" failures="0" errors="0" time="12.233">
  <testsuite name="src/modules/Login/ViewModel" errors="0" failures="0" skipped="0" timestamp="2022-05-05T03:57:08" time="11.035" tests="2">
    <testcase classname="src/modules/Login/ViewModel Login Button Content Check for Login Button Text" name="src/modules/Login/ViewModel Login Button Content Check for Login Button Text" time="0.005">
    </testcase>
    <testcase classname="src/modules/Login/ViewModel Login Button Clicked Check for Login Button Click Event" name="src/modules/Login/ViewModel Login Button Clicked Check for Login Button Click Event" time="0.001">
    </testcase>
  </testsuite>
  <testsuite name="src/modules/Logout/ViewModel" errors="0" failures="0" skipped="0" timestamp="2022-05-05T03:57:08" time="11.045" tests="2">
    <testcase classname="src/modules/Logout/ViewModel Logout Button Content Check for Logout Button Text" name="src/modules/Logout/ViewModel Logout Button Content Check for Logout Button Text" time="0.002">
    </testcase>
    <testcase classname="src/modules/Logout/ViewModel Logout Button Clicked Check for Logout Button Click Event" name="src/modules/Logout/ViewModel Logout Button Clicked Check for Logout Button Click Event" time="0.001">
    </testcase>
  </testsuite>
  <testsuite name="src/modules/ViewModel" errors="0" failures="0" skipped="0" timestamp="2022-05-05T03:57:08" time="11.19" tests="9">
    <testcase classname="src/modules/ViewModel Quit Button Quit Button Text should be as described" name="src/modules/ViewModel Quit Button Quit Button Text should be as described" time="0.002">
    </testcase>
    <testcase classname="src/modules/ViewModel Quit Button Quit Button is clicked without arguments" name="src/modules/ViewModel Quit Button Quit Button is clicked without arguments" time="0.011">
    </testcase>
    <testcase classname="src/modules/ViewModel Quit Button Quit Button is clicked arguments" name="src/modules/ViewModel Quit Button Quit Button is clicked arguments" time="0.001">
    </testcase>
    <testcase classname="src/modules/ViewModel Save Simulation Button Save Simulation Button Text should be as described" name="src/modules/ViewModel Save Simulation Button Save Simulation Button Text should be as described" time="0">
    </testcase>
    <testcase classname="src/modules/ViewModel Save Simulation Button Save Simulation Button is clicked" name="src/modules/ViewModel Save Simulation Button Save Simulation Button is clicked" time="0.001">
    </testcase>
    <testcase classname="src/modules/ViewModel Left Button Left Button Text should be as described" name="src/modules/ViewModel Left Button Left Button Text should be as described" time="0">
    </testcase>
    <testcase classname="src/modules/ViewModel Left Button Left Button is clicked" name="src/modules/ViewModel Left Button Left Button is clicked" time="0.014">
    </testcase>
    <testcase classname="src/modules/ViewModel Right Button Right Button Text should be as described" name="src/modules/ViewModel Right Button Right Button Text should be as described" time="0">
    </testcase>
    <testcase classname="src/modules/ViewModel Right Button Right Button is clicked" name="src/modules/ViewModel Right Button Right Button is clicked" time="0.004">
    </testcase>
  </testsuite>
</testsuites>