<?xml version="1.0" encoding="UTF-8"?>
<testsuites name="jest tests" tests="9" failures="0" errors="0" time="15.502">
  <testsuite name="src/modules/Login/ViewModel" errors="0" failures="0" skipped="0" timestamp="2022-05-05T03:17:36" time="12.378" tests="2">
    <testcase classname="src/modules/Login/ViewModel Login Button Content Check for Login Button Text" name="src/modules/Login/ViewModel Login Button Content Check for Login Button Text" time="0.002">
    </testcase>
    <testcase classname="src/modules/Login/ViewModel Login Button Clicked Check for Login Button Click Event" name="src/modules/Login/ViewModel Login Button Clicked Check for Login Button Click Event" time="0.001">
    </testcase>
  </testsuite>
  <testsuite name="src/modules/Logout/ViewModel" errors="0" failures="0" skipped="0" timestamp="2022-05-05T03:17:36" time="12.526" tests="2">
    <testcase classname="src/modules/Logout/ViewModel Logout Button Content Check for Logout Button Text" name="src/modules/Logout/ViewModel Logout Button Content Check for Logout Button Text" time="0.002">
    </testcase>
    <testcase classname="src/modules/Logout/ViewModel Logout Button Clicked Check for Logout Button Click Event" name="src/modules/Logout/ViewModel Logout Button Clicked Check for Logout Button Click Event" time="0.001">
    </testcase>
  </testsuite>
  <testsuite name="src/modules/ViewModel" errors="0" failures="0" skipped="0" timestamp="2022-05-05T03:17:36" time="14.331" tests="5">
    <testcase classname="src/modules/ViewModel Quit Button Quit Button Text should be as described" name="src/modules/ViewModel Quit Button Quit Button Text should be as described" time="0.002">
    </testcase>
    <testcase classname="src/modules/ViewModel Quit Button Quit Button is clicked without arguments" name="src/modules/ViewModel Quit Button Quit Button is clicked without arguments" time="0.002">
    </testcase>
    <testcase classname="src/modules/ViewModel Quit Button Quit Button is clicked arguments" name="src/modules/ViewModel Quit Button Quit Button is clicked arguments" time="0.001">
    </testcase>
    <testcase classname="src/modules/ViewModel Save Simulation Button Save Simulation Button Text should be as described" name="src/modules/ViewModel Save Simulation Button Save Simulation Button Text should be as described" time="0.001">
    </testcase>
    <testcase classname="src/modules/ViewModel Save Simulation Button Save Simulation Button is clicked without arguments" name="src/modules/ViewModel Save Simulation Button Save Simulation Button is clicked without arguments" time="0">
    </testcase>
  </testsuite>
</testsuites>